<?xml version="1.0" encoding="UTF-8"?>
<!-- Generated by org.testng.reporters.JUnitXMLReporter -->
<testsuite hostname="DESKTOP-D08JKGP" ignored="3" name="nopCommerceTest" tests="2" failures="0" timestamp="2020-12-01T14:53:03 EST" time="42.694" errors="0">
  <testcase name="addCustomer" time="24.866" classname="com.nopcommerce.testCases.TC_AddCustomerTest_003"/>
  <testcase name="loginTest" time="5.455" classname="com.nopcommerce.testCases.TC_loginTest_001"/>
  <testcase name="loginTest" time="0.0" classname="com.nopcommerce.testCases.TC_LoginDDT_002">
    <ignored/>
  </testcase> <!-- loginTest -->
  <testcase name="searchCustomerByEmail" time="0.0" classname="com.nopcommerce.testCases.TC_SearchCustomerByEmail_004">
    <ignored/>
  </testcase> <!-- searchCustomerByEmail -->
  <testcase name="searchCustomerByName" time="0.0" classname="com.nopcommerce.testCases.TC_SearchCustomerByName_005">
    <ignored/>
  </testcase> <!-- searchCustomerByName -->
</testsuite> <!-- nopCommerceTest -->
